<?xml version="1.0" encoding="UTF-8"?>
<testsuite xmlns:xsi="http://www.w3.org/2001/XMLSchema-instance" xsi:noNamespaceSchemaLocation="https://maven.apache.org/surefire/maven-surefire-plugin/xsd/surefire-test-report-3.0.xsd" version="3.0" name="org.testvag.runner.TestRunner" time="0.823" tests="1" errors="0" skipped="0" failures="0">
  <properties>
[...]
</properties>
  <testcase name="User validates that the team has only 4 foreign players" classname="RCB team details validation" time="0.715">
    <system-out><![CDATA[
Scenario: User validates that the team has only 4 foreign players &amp#27;[90m# src/test/java/resource/features/team_details_validations.feature:4&amp#27;[0m
  &amp#27;[32mGiven &amp#27;[0m&amp#27;[32mTeam Players details&amp#27;[0m                                      &amp#27;[90m# org.testvag.stepdefinition.playersDetailsVerification.inputTeamPlayerDetails()&amp#27;[0m
  &amp#27;[32mThen &amp#27;[0m&amp#27;[32mValidate that the team has only 4 foreign players&amp#27;[0m          &amp#27;[90m# org.testvag.stepdefinition.playersDetailsVerification.validateForiegnPlayersCount()&amp#27;[0m
Wicket-Keeper found in the players list!
  &amp#27;[32mAnd &amp#27;[0m&amp#27;[32mValidate that there is atleast 1 wicket keeper&amp#27;[0m              &amp#27;[90m# org.testvag.stepdefinition.playersDetailsVerification.ValidateWicketKeeperCount()&amp#27;[0m
]]></system-out>
  </testcase>
</testsuite>